  Animation.cpp
  BasicZombie.cpp
  BucketheadZombie.cpp
  Bullet.cpp
  Car.cpp
  CherryBomb.cpp
  close.cpp
  debugMode.cpp
  fileOperation.cpp
  GameScene.cpp
  IcePeaBullet.cpp
  Image.cpp
  LoseScene.cpp
  Movable.cpp
  NewspaperZombie.cpp
  Object.cpp
  PeaBullet.cpp
  PeaShooter.cpp
  Plant.cpp
  PlantsVSZombies.cpp
  正在生成代码...
  正在编译...
  Scene.cpp
  Shooter.cpp
  show.cpp
  SnowPea.cpp
  Sound.cpp
  StartScene.cpp
  startup.cpp
  stringTools.cpp
  Sun.cpp
  SunFlower.cpp
  updateWithInput.cpp
  updateWithoutInput.cpp
  WallNut.cpp
  WaterBullet.cpp
  WinScene.cpp
  Zombie.cpp
  正在生成代码...
D:\CodeWorks\C++works\实践作业\最终提交版\PlantsVSZombies\stringTools.cpp(14): warning C4172: 返回局部变量或临时变量的地址: wc
  PlantsVSZombies.vcxproj -> D:\CodeWorks\C++works\实践作业\最终提交版\PlantsVSZombies\x64\Debug\PlantsVSZombies.exe
